<?xml version="1.0" encoding="UTF-8"?>
<coverage generated="1724031656737" clover="3.2.0">
  <project timestamp="1724031656737" name="All files">
    <metrics statements="56" coveredstatements="56" conditionals="12" coveredconditionals="11" methods="20" coveredmethods="20" elements="88" coveredelements="87" complexity="0" loc="56" ncloc="56" packages="2" files="7" classes="7"/>
    <package name="src">
      <metrics statements="21" coveredstatements="21" conditionals="2" coveredconditionals="2" methods="7" coveredmethods="7"/>
      <file name="App.js" path="C:\Users\Orsolya\Documents\careerfoundry\meet_app\src\App.js">
        <metrics statements="14" coveredstatements="14" conditionals="2" coveredconditionals="2" methods="4" coveredmethods="4"/>
        <line num="8" count="3" type="stmt"/>
        <line num="9" count="12" type="stmt"/>
        <line num="10" count="11" type="stmt"/>
        <line num="11" count="11" type="stmt"/>
        <line num="12" count="11" type="stmt"/>
        <line num="14" count="11" type="stmt"/>
        <line num="15" count="7" type="stmt"/>
        <line num="18" count="11" type="stmt"/>
        <line num="19" count="7" type="stmt"/>
        <line num="21" count="7" type="cond" truecount="2" falsecount="0"/>
        <line num="23" count="35" type="stmt"/>
        <line num="24" count="7" type="stmt"/>
        <line num="25" count="7" type="stmt"/>
        <line num="28" count="11" type="stmt"/>
      </file>
      <file name="api.js" path="C:\Users\Orsolya\Documents\careerfoundry\meet_app\src\api.js">
        <metrics statements="6" coveredstatements="6" conditionals="0" coveredconditionals="0" methods="3" coveredmethods="3"/>
        <line num="11" count="4" type="stmt"/>
        <line num="12" count="350" type="stmt"/>
        <line num="13" count="10" type="stmt"/>
        <line num="14" count="10" type="stmt"/>
        <line num="21" count="4" type="stmt"/>
        <line num="22" count="13" type="stmt"/>
      </file>
      <file name="mock-data.js" path="C:\Users\Orsolya\Documents\careerfoundry\meet_app\src\mock-data.js">
        <metrics statements="1" coveredstatements="1" conditionals="0" coveredconditionals="0" methods="0" coveredmethods="0"/>
        <line num="3" count="4" type="stmt"/>
      </file>
    </package>
    <package name="src.components">
      <metrics statements="35" coveredstatements="35" conditionals="10" coveredconditionals="9" methods="13" coveredmethods="13"/>
      <file name="CitySearch.js" path="C:\Users\Orsolya\Documents\careerfoundry\meet_app\src\components\CitySearch.js">
        <metrics statements="20" coveredstatements="20" conditionals="4" coveredconditionals="3" methods="7" coveredmethods="7"/>
        <line num="3" count="3" type="stmt"/>
        <line num="4" count="61" type="stmt"/>
        <line num="5" count="61" type="stmt"/>
        <line num="6" count="61" type="stmt"/>
        <line num="8" count="61" type="stmt"/>
        <line num="9" count="18" type="stmt"/>
        <line num="10" count="18" type="cond" truecount="1" falsecount="1"/>
        <line num="12" count="36" type="stmt"/>
        <line num="16" count="18" type="stmt"/>
        <line num="17" count="18" type="stmt"/>
        <line num="20" count="61" type="stmt"/>
        <line num="21" count="2" type="stmt"/>
        <line num="22" count="2" type="stmt"/>
        <line num="23" count="2" type="stmt"/>
        <line num="24" count="2" type="stmt"/>
        <line num="27" count="61" type="stmt"/>
        <line num="28" count="18" type="stmt"/>
        <line num="31" count="61" type="stmt"/>
        <line num="39" count="5" type="stmt"/>
        <line num="44" count="26" type="stmt"/>
      </file>
      <file name="Event.js" path="C:\Users\Orsolya\Documents\careerfoundry\meet_app\src\components\Event.js">
        <metrics statements="5" coveredstatements="5" conditionals="4" coveredconditionals="4" methods="2" coveredmethods="2"/>
        <line num="3" count="4" type="stmt"/>
        <line num="4" count="188" type="stmt"/>
        <line num="6" count="188" type="stmt"/>
        <line num="7" count="3" type="stmt"/>
        <line num="10" count="188" type="stmt"/>
      </file>
      <file name="EventList.js" path="C:\Users\Orsolya\Documents\careerfoundry\meet_app\src\components\EventList.js">
        <metrics statements="3" coveredstatements="3" conditionals="2" coveredconditionals="2" methods="2" coveredmethods="2"/>
        <line num="4" count="3" type="stmt"/>
        <line num="5" count="14" type="stmt"/>
        <line num="8" count="180" type="stmt"/>
      </file>
      <file name="NumberOfEvents.js" path="C:\Users\Orsolya\Documents\careerfoundry\meet_app\src\components\NumberOfEvents.js">
        <metrics statements="7" coveredstatements="7" conditionals="0" coveredconditionals="0" methods="2" coveredmethods="2"/>
        <line num="3" count="4" type="stmt"/>
        <line num="4" count="18" type="stmt"/>
        <line num="6" count="18" type="stmt"/>
        <line num="7" count="4" type="stmt"/>
        <line num="8" count="4" type="stmt"/>
        <line num="9" count="4" type="stmt"/>
        <line num="12" count="18" type="stmt"/>
      </file>
    </package>
  </project>
</coverage>
