<?xml version="1.0" encoding="UTF-8"?>
<coverage generated="1723594419026" clover="3.2.0">
  <project timestamp="1723594419027" name="All files">
    <metrics statements="44" coveredstatements="43" conditionals="10" coveredconditionals="9" methods="17" coveredmethods="16" elements="71" coveredelements="68" complexity="0" loc="44" ncloc="44" packages="2" files="7" classes="7"/>
    <package name="src">
      <metrics statements="12" coveredstatements="11" conditionals="0" coveredconditionals="0" methods="5" coveredmethods="4"/>
      <file name="App.js" path="C:\Users\Orsolya\Documents\careerfoundry\meet_app\src\App.js">
        <metrics statements="5" coveredstatements="4" conditionals="0" coveredconditionals="0" methods="2" coveredmethods="1"/>
        <line num="8" count="3" type="stmt"/>
        <line num="9" count="3" type="stmt"/>
        <line num="11" count="3" type="stmt"/>
        <line num="12" count="0" type="stmt"/>
        <line num="16" count="3" type="stmt"/>
      </file>
      <file name="api.js" path="C:\Users\Orsolya\Documents\careerfoundry\meet_app\src\api.js">
        <metrics statements="6" coveredstatements="6" conditionals="0" coveredconditionals="0" methods="3" coveredmethods="3"/>
        <line num="11" count="3" type="stmt"/>
        <line num="12" count="70" type="stmt"/>
        <line num="13" count="2" type="stmt"/>
        <line num="14" count="2" type="stmt"/>
        <line num="21" count="3" type="stmt"/>
        <line num="22" count="4" type="stmt"/>
      </file>
      <file name="mock-data.js" path="C:\Users\Orsolya\Documents\careerfoundry\meet_app\src\mock-data.js">
        <metrics statements="1" coveredstatements="1" conditionals="0" coveredconditionals="0" methods="0" coveredmethods="0"/>
        <line num="3" count="3" type="stmt"/>
      </file>
    </package>
    <package name="src.components">
      <metrics statements="32" coveredstatements="32" conditionals="10" coveredconditionals="9" methods="12" coveredmethods="12"/>
      <file name="CitySearch.js" path="C:\Users\Orsolya\Documents\careerfoundry\meet_app\src\components\CitySearch.js">
        <metrics statements="17" coveredstatements="17" conditionals="4" coveredconditionals="3" methods="6" coveredmethods="6"/>
        <line num="3" count="2" type="stmt"/>
        <line num="4" count="26" type="stmt"/>
        <line num="5" count="26" type="stmt"/>
        <line num="6" count="26" type="stmt"/>
        <line num="8" count="26" type="stmt"/>
        <line num="9" count="12" type="stmt"/>
        <line num="10" count="12" type="cond" truecount="1" falsecount="1"/>
        <line num="12" count="24" type="stmt"/>
        <line num="16" count="12" type="stmt"/>
        <line num="17" count="12" type="stmt"/>
        <line num="20" count="26" type="stmt"/>
        <line num="21" count="1" type="stmt"/>
        <line num="22" count="1" type="stmt"/>
        <line num="23" count="1" type="stmt"/>
        <line num="26" count="26" type="stmt"/>
        <line num="34" count="3" type="stmt"/>
        <line num="39" count="12" type="stmt"/>
      </file>
      <file name="Event.js" path="C:\Users\Orsolya\Documents\careerfoundry\meet_app\src\components\Event.js">
        <metrics statements="5" coveredstatements="5" conditionals="4" coveredconditionals="4" methods="2" coveredmethods="2"/>
        <line num="3" count="3" type="stmt"/>
        <line num="4" count="43" type="stmt"/>
        <line num="6" count="43" type="stmt"/>
        <line num="7" count="3" type="stmt"/>
        <line num="10" count="43" type="stmt"/>
      </file>
      <file name="EventList.js" path="C:\Users\Orsolya\Documents\careerfoundry\meet_app\src\components\EventList.js">
        <metrics statements="3" coveredstatements="3" conditionals="2" coveredconditionals="2" methods="2" coveredmethods="2"/>
        <line num="4" count="2" type="stmt"/>
        <line num="5" count="6" type="stmt"/>
        <line num="8" count="35" type="stmt"/>
      </file>
      <file name="NumberOfEvents.js" path="C:\Users\Orsolya\Documents\careerfoundry\meet_app\src\components\NumberOfEvents.js">
        <metrics statements="7" coveredstatements="7" conditionals="0" coveredconditionals="0" methods="2" coveredmethods="2"/>
        <line num="3" count="2" type="stmt"/>
        <line num="4" count="10" type="stmt"/>
        <line num="6" count="10" type="stmt"/>
        <line num="7" count="4" type="stmt"/>
        <line num="8" count="4" type="stmt"/>
        <line num="9" count="4" type="stmt"/>
        <line num="12" count="10" type="stmt"/>
      </file>
    </package>
  </project>
</coverage>
