{"C:\\Users\\Orsolya\\Documents\\careerfoundry\\meet_app\\src\\App.js": {"path":"C:\\Users\\Orsolya\\Documents\\careerfoundry\\meet_app\\src\\App.js","statementMap":{"0":{"start":{"line":16,"column":12},"end":{"line":96,"column":1}},"1":{"start":{"line":17,"column":30},"end":{"line":17,"column":42}},"2":{"start":{"line":18,"column":38},"end":{"line":18,"column":50}},"3":{"start":{"line":19,"column":42},"end":{"line":19,"column":54}},"4":{"start":{"line":20,"column":40},"end":{"line":20,"column":66}},"5":{"start":{"line":21,"column":36},"end":{"line":21,"column":48}},"6":{"start":{"line":22,"column":38},"end":{"line":22,"column":50}},"7":{"start":{"line":23,"column":44},"end":{"line":23,"column":56}},"8":{"start":{"line":24,"column":42},"end":{"line":24,"column":54}},"9":{"start":{"line":26,"column":2},"end":{"line":39,"column":32}},"10":{"start":{"line":28,"column":6},"end":{"line":28,"column":69}},"11":{"start":{"line":29,"column":4},"end":{"line":29,"column":58}},"12":{"start":{"line":31,"column":4},"end":{"line":37,"column":5}},"13":{"start":{"line":32,"column":6},"end":{"line":32,"column":26}},"14":{"start":{"line":34,"column":6},"end":{"line":36,"column":8}},"15":{"start":{"line":38,"column":4},"end":{"line":38,"column":16}},"16":{"start":{"line":41,"column":20},"end":{"line":67,"column":3}},"17":{"start":{"line":42,"column":4},"end":{"line":66,"column":5}},"18":{"start":{"line":43,"column":24},"end":{"line":43,"column":41}},"19":{"start":{"line":45,"column":6},"end":{"line":48,"column":7}},"20":{"start":{"line":46,"column":8},"end":{"line":46,"column":41}},"21":{"start":{"line":47,"column":8},"end":{"line":47,"column":15}},"22":{"start":{"line":51,"column":8},"end":{"line":53,"column":71}},"23":{"start":{"line":53,"column":40},"end":{"line":53,"column":70}},"24":{"start":{"line":55,"column":6},"end":{"line":60,"column":7}},"25":{"start":{"line":56,"column":8},"end":{"line":56,"column":55}},"26":{"start":{"line":58,"column":8},"end":{"line":58,"column":73}},"27":{"start":{"line":59,"column":8},"end":{"line":59,"column":22}},"28":{"start":{"line":62,"column":6},"end":{"line":62,"column":51}},"29":{"start":{"line":64,"column":6},"end":{"line":64,"column":63}},"30":{"start":{"line":65,"column":6},"end":{"line":65,"column":27}},"31":{"start":{"line":69,"column":2},"end":{"line":95,"column":4}}},"fnMap":{"0":{"name":"(anonymous_0)","decl":{"start":{"line":16,"column":12},"end":{"line":16,"column":13}},"loc":{"start":{"line":16,"column":18},"end":{"line":96,"column":1}},"line":16},"1":{"name":"(anonymous_1)","decl":{"start":{"line":26,"column":12},"end":{"line":26,"column":13}},"loc":{"start":{"line":26,"column":18},"end":{"line":39,"column":3}},"line":26},"2":{"name":"(anonymous_2)","decl":{"start":{"line":41,"column":20},"end":{"line":41,"column":21}},"loc":{"start":{"line":41,"column":32},"end":{"line":67,"column":3}},"line":41},"3":{"name":"(anonymous_3)","decl":{"start":{"line":53,"column":29},"end":{"line":53,"column":30}},"loc":{"start":{"line":53,"column":40},"end":{"line":53,"column":70}},"line":53}},"branchMap":{"0":{"loc":{"start":{"line":28,"column":6},"end":{"line":28,"column":69}},"type":"cond-expr","locations":[{"start":{"line":28,"column":46},"end":{"line":28,"column":62}},{"start":{"line":28,"column":65},"end":{"line":28,"column":69}}],"line":28},"1":{"loc":{"start":{"line":31,"column":4},"end":{"line":37,"column":5}},"type":"if","locations":[{"start":{"line":31,"column":4},"end":{"line":37,"column":5}},{"start":{"line":33,"column":11},"end":{"line":37,"column":5}}],"line":31},"2":{"loc":{"start":{"line":45,"column":6},"end":{"line":48,"column":7}},"type":"if","locations":[{"start":{"line":45,"column":6},"end":{"line":48,"column":7}},{"start":{},"end":{}}],"line":45},"3":{"loc":{"start":{"line":51,"column":8},"end":{"line":53,"column":71}},"type":"cond-expr","locations":[{"start":{"line":52,"column":12},"end":{"line":52,"column":21}},{"start":{"line":53,"column":12},"end":{"line":53,"column":71}}],"line":51},"4":{"loc":{"start":{"line":55,"column":6},"end":{"line":60,"column":7}},"type":"if","locations":[{"start":{"line":55,"column":6},"end":{"line":60,"column":7}},{"start":{"line":57,"column":13},"end":{"line":60,"column":7}}],"line":55},"5":{"loc":{"start":{"line":73,"column":9},"end":{"line":73,"column":65}},"type":"cond-expr","locations":[{"start":{"line":73,"column":28},"end":{"line":73,"column":58}},{"start":{"line":73,"column":61},"end":{"line":73,"column":65}}],"line":73},"6":{"loc":{"start":{"line":74,"column":9},"end":{"line":74,"column":74}},"type":"cond-expr","locations":[{"start":{"line":74,"column":31},"end":{"line":74,"column":67}},{"start":{"line":74,"column":70},"end":{"line":74,"column":74}}],"line":74},"7":{"loc":{"start":{"line":87,"column":9},"end":{"line":87,"column":68}},"type":"cond-expr","locations":[{"start":{"line":87,"column":29},"end":{"line":87,"column":61}},{"start":{"line":87,"column":64},"end":{"line":87,"column":68}}],"line":87},"8":{"loc":{"start":{"line":88,"column":9},"end":{"line":88,"column":77}},"type":"cond-expr","locations":[{"start":{"line":88,"column":32},"end":{"line":88,"column":70}},{"start":{"line":88,"column":73},"end":{"line":88,"column":77}}],"line":88}},"s":{"0":6,"1":39,"2":35,"3":35,"4":35,"5":35,"6":35,"7":35,"8":35,"9":35,"10":18,"11":18,"12":18,"13":18,"14":0,"15":18,"16":35,"17":18,"18":18,"19":18,"20":0,"21":0,"22":18,"23":80,"24":18,"25":18,"26":0,"27":0,"28":18,"29":0,"30":0,"31":35},"f":{"0":39,"1":18,"2":18,"3":80},"b":{"0":[18,0],"1":[18,0],"2":[0,18],"3":[16,2],"4":[18,0],"5":[0,35],"6":[0,35],"7":[0,35],"8":[1,34]},"_coverageSchema":"1a1c01bbd47fc00a2c39e90264f33305004495a9","hash":"c1406932d910fdfa34f3356ed60d9acf608eaaa3"}
,"C:\\Users\\Orsolya\\Documents\\careerfoundry\\meet_app\\src\\api.js": {"path":"C:\\Users\\Orsolya\\Documents\\careerfoundry\\meet_app\\src\\api.js","statementMap":{"0":{"start":{"line":12,"column":32},"end":{"line":16,"column":1}},"1":{"start":{"line":13,"column":29},"end":{"line":13,"column":66}},"2":{"start":{"line":13,"column":51},"end":{"line":13,"column":65}},"3":{"start":{"line":14,"column":20},"end":{"line":14,"column":52}},"4":{"start":{"line":15,"column":2},"end":{"line":15,"column":19}},"5":{"start":{"line":18,"column":25},"end":{"line":45,"column":1}},"6":{"start":{"line":19,"column":2},"end":{"line":21,"column":3}},"7":{"start":{"line":20,"column":4},"end":{"line":20,"column":20}},"8":{"start":{"line":23,"column":2},"end":{"line":27,"column":3}},"9":{"start":{"line":24,"column":19},"end":{"line":24,"column":53}},"10":{"start":{"line":25,"column":4},"end":{"line":25,"column":21}},"11":{"start":{"line":26,"column":4},"end":{"line":26,"column":44}},"12":{"start":{"line":29,"column":16},"end":{"line":29,"column":38}},"13":{"start":{"line":31,"column":2},"end":{"line":43,"column":3}},"14":{"start":{"line":32,"column":4},"end":{"line":32,"column":18}},"15":{"start":{"line":33,"column":16},"end":{"line":33,"column":100}},"16":{"start":{"line":34,"column":21},"end":{"line":34,"column":37}},"17":{"start":{"line":35,"column":19},"end":{"line":35,"column":40}},"18":{"start":{"line":36,"column":4},"end":{"line":42,"column":5}},"19":{"start":{"line":37,"column":6},"end":{"line":37,"column":23}},"20":{"start":{"line":38,"column":6},"end":{"line":38,"column":72}},"21":{"start":{"line":39,"column":6},"end":{"line":39,"column":27}},"22":{"start":{"line":41,"column":6},"end":{"line":41,"column":16}},"23":{"start":{"line":44,"column":2},"end":{"line":44,"column":12}},"24":{"start":{"line":47,"column":30},"end":{"line":76,"column":1}},"25":{"start":{"line":48,"column":22},"end":{"line":48,"column":58}},"26":{"start":{"line":49,"column":21},"end":{"line":49,"column":67}},"27":{"start":{"line":51,"column":2},"end":{"line":74,"column":3}},"28":{"start":{"line":52,"column":4},"end":{"line":52,"column":50}},"29":{"start":{"line":53,"column":25},"end":{"line":53,"column":68}},"30":{"start":{"line":54,"column":17},"end":{"line":54,"column":41}},"31":{"start":{"line":55,"column":4},"end":{"line":72,"column":5}},"32":{"start":{"line":56,"column":23},"end":{"line":58,"column":7}},"33":{"start":{"line":59,"column":21},"end":{"line":59,"column":42}},"34":{"start":{"line":60,"column":26},"end":{"line":60,"column":32}},"35":{"start":{"line":62,"column":26},"end":{"line":62,"column":64}},"36":{"start":{"line":64,"column":6},"end":{"line":70,"column":7}},"37":{"start":{"line":65,"column":8},"end":{"line":65,"column":39}},"38":{"start":{"line":67,"column":8},"end":{"line":69,"column":12}},"39":{"start":{"line":71,"column":6},"end":{"line":71,"column":13}},"40":{"start":{"line":73,"column":4},"end":{"line":73,"column":34}},"41":{"start":{"line":75,"column":2},"end":{"line":75,"column":21}},"42":{"start":{"line":78,"column":17},"end":{"line":97,"column":1}},"43":{"start":{"line":79,"column":2},"end":{"line":96,"column":3}},"44":{"start":{"line":80,"column":23},"end":{"line":80,"column":47}},"45":{"start":{"line":82,"column":21},"end":{"line":84,"column":5}},"46":{"start":{"line":85,"column":4},"end":{"line":87,"column":5}},"47":{"start":{"line":86,"column":6},"end":{"line":86,"column":64}},"48":{"start":{"line":88,"column":29},"end":{"line":88,"column":50}},"49":{"start":{"line":89,"column":4},"end":{"line":91,"column":5}},"50":{"start":{"line":90,"column":6},"end":{"line":90,"column":57}},"51":{"start":{"line":92,"column":4},"end":{"line":92,"column":24}},"52":{"start":{"line":94,"column":4},"end":{"line":94,"column":50}},"53":{"start":{"line":95,"column":4},"end":{"line":95,"column":16}},"54":{"start":{"line":99,"column":19},"end":{"line":105,"column":1}},"55":{"start":{"line":100,"column":19},"end":{"line":102,"column":3}},"56":{"start":{"line":103,"column":17},"end":{"line":103,"column":38}},"57":{"start":{"line":104,"column":2},"end":{"line":104,"column":16}},"58":{"start":{"line":107,"column":20},"end":{"line":120,"column":1}},"59":{"start":{"line":109,"column":2},"end":{"line":119,"column":3}},"60":{"start":{"line":110,"column":4},"end":{"line":114,"column":31}},"61":{"start":{"line":115,"column":4},"end":{"line":115,"column":45}},"62":{"start":{"line":117,"column":4},"end":{"line":117,"column":68}},"63":{"start":{"line":118,"column":4},"end":{"line":118,"column":45}}},"fnMap":{"0":{"name":"(anonymous_0)","decl":{"start":{"line":12,"column":32},"end":{"line":12,"column":33}},"loc":{"start":{"line":12,"column":44},"end":{"line":16,"column":1}},"line":12},"1":{"name":"(anonymous_1)","decl":{"start":{"line":13,"column":40},"end":{"line":13,"column":41}},"loc":{"start":{"line":13,"column":51},"end":{"line":13,"column":65}},"line":13},"2":{"name":"(anonymous_2)","decl":{"start":{"line":18,"column":25},"end":{"line":18,"column":26}},"loc":{"start":{"line":18,"column":37},"end":{"line":45,"column":1}},"line":18},"3":{"name":"(anonymous_3)","decl":{"start":{"line":47,"column":30},"end":{"line":47,"column":31}},"loc":{"start":{"line":47,"column":42},"end":{"line":76,"column":1}},"line":47},"4":{"name":"(anonymous_4)","decl":{"start":{"line":78,"column":17},"end":{"line":78,"column":18}},"loc":{"start":{"line":78,"column":33},"end":{"line":97,"column":1}},"line":78},"5":{"name":"(anonymous_5)","decl":{"start":{"line":99,"column":19},"end":{"line":99,"column":20}},"loc":{"start":{"line":99,"column":42},"end":{"line":105,"column":1}},"line":99},"6":{"name":"(anonymous_6)","decl":{"start":{"line":107,"column":20},"end":{"line":107,"column":21}},"loc":{"start":{"line":107,"column":26},"end":{"line":120,"column":1}},"line":107}},"branchMap":{"0":{"loc":{"start":{"line":19,"column":2},"end":{"line":21,"column":3}},"type":"if","locations":[{"start":{"line":19,"column":2},"end":{"line":21,"column":3}},{"start":{},"end":{}}],"line":19},"1":{"loc":{"start":{"line":23,"column":2},"end":{"line":27,"column":3}},"type":"if","locations":[{"start":{"line":23,"column":2},"end":{"line":27,"column":3}},{"start":{},"end":{}}],"line":23},"2":{"loc":{"start":{"line":26,"column":11},"end":{"line":26,"column":43}},"type":"cond-expr","locations":[{"start":{"line":26,"column":20},"end":{"line":26,"column":38}},{"start":{"line":26,"column":41},"end":{"line":26,"column":43}}],"line":26},"3":{"loc":{"start":{"line":31,"column":2},"end":{"line":43,"column":3}},"type":"if","locations":[{"start":{"line":31,"column":2},"end":{"line":43,"column":3}},{"start":{},"end":{}}],"line":31},"4":{"loc":{"start":{"line":36,"column":4},"end":{"line":42,"column":5}},"type":"if","locations":[{"start":{"line":36,"column":4},"end":{"line":42,"column":5}},{"start":{"line":40,"column":11},"end":{"line":42,"column":5}}],"line":36},"5":{"loc":{"start":{"line":36,"column":8},"end":{"line":36,"column":46}},"type":"binary-expr","locations":[{"start":{"line":36,"column":8},"end":{"line":36,"column":14}},{"start":{"line":36,"column":18},"end":{"line":36,"column":46}}],"line":36},"6":{"loc":{"start":{"line":49,"column":21},"end":{"line":49,"column":67}},"type":"binary-expr","locations":[{"start":{"line":49,"column":21},"end":{"line":49,"column":32}},{"start":{"line":49,"column":37},"end":{"line":49,"column":66}}],"line":49},"7":{"loc":{"start":{"line":51,"column":2},"end":{"line":74,"column":3}},"type":"if","locations":[{"start":{"line":51,"column":2},"end":{"line":74,"column":3}},{"start":{},"end":{}}],"line":51},"8":{"loc":{"start":{"line":51,"column":6},"end":{"line":51,"column":38}},"type":"binary-expr","locations":[{"start":{"line":51,"column":6},"end":{"line":51,"column":18}},{"start":{"line":51,"column":22},"end":{"line":51,"column":38}}],"line":51},"9":{"loc":{"start":{"line":55,"column":4},"end":{"line":72,"column":5}},"type":"if","locations":[{"start":{"line":55,"column":4},"end":{"line":72,"column":5}},{"start":{},"end":{}}],"line":55},"10":{"loc":{"start":{"line":64,"column":6},"end":{"line":70,"column":7}},"type":"if","locations":[{"start":{"line":64,"column":6},"end":{"line":70,"column":7}},{"start":{"line":66,"column":13},"end":{"line":70,"column":7}}],"line":64},"11":{"loc":{"start":{"line":73,"column":11},"end":{"line":73,"column":33}},"type":"binary-expr","locations":[{"start":{"line":73,"column":11},"end":{"line":73,"column":15}},{"start":{"line":73,"column":19},"end":{"line":73,"column":33}}],"line":73},"12":{"loc":{"start":{"line":85,"column":4},"end":{"line":87,"column":5}},"type":"if","locations":[{"start":{"line":85,"column":4},"end":{"line":87,"column":5}},{"start":{},"end":{}}],"line":85},"13":{"loc":{"start":{"line":89,"column":4},"end":{"line":91,"column":5}},"type":"if","locations":[{"start":{"line":89,"column":4},"end":{"line":91,"column":5}},{"start":{},"end":{}}],"line":89},"14":{"loc":{"start":{"line":109,"column":2},"end":{"line":119,"column":3}},"type":"if","locations":[{"start":{"line":109,"column":2},"end":{"line":119,"column":3}},{"start":{"line":116,"column":9},"end":{"line":119,"column":3}}],"line":109},"15":{"loc":{"start":{"line":109,"column":6},"end":{"line":109,"column":58}},"type":"binary-expr","locations":[{"start":{"line":109,"column":6},"end":{"line":109,"column":30}},{"start":{"line":109,"column":34},"end":{"line":109,"column":58}}],"line":109}},"s":{"0":7,"1":21,"2":840,"3":21,"4":21,"5":7,"6":24,"7":24,"8":0,"9":0,"10":0,"11":0,"12":0,"13":0,"14":0,"15":0,"16":0,"17":0,"18":0,"19":0,"20":0,"21":0,"22":0,"23":0,"24":7,"25":0,"26":0,"27":0,"28":0,"29":0,"30":0,"31":0,"32":0,"33":0,"34":0,"35":0,"36":0,"37":0,"38":0,"39":0,"40":0,"41":0,"42":7,"43":0,"44":0,"45":0,"46":0,"47":0,"48":0,"49":0,"50":0,"51":0,"52":0,"53":0,"54":7,"55":0,"56":0,"57":0,"58":7,"59":0,"60":0,"61":0,"62":0,"63":0},"f":{"0":21,"1":840,"2":24,"3":0,"4":0,"5":0,"6":0},"b":{"0":[24,0],"1":[0,0],"2":[0,0],"3":[0,0],"4":[0,0],"5":[0,0],"6":[0,0],"7":[0,0],"8":[0,0],"9":[0,0],"10":[0,0],"11":[0,0],"12":[0,0],"13":[0,0],"14":[0,0],"15":[0,0]},"_coverageSchema":"1a1c01bbd47fc00a2c39e90264f33305004495a9","hash":"995f6908ea2dc0f0e6b8631e4579d5c6e54ab545"}
,"C:\\Users\\Orsolya\\Documents\\careerfoundry\\meet_app\\src\\mock-data.js": {"path":"C:\\Users\\Orsolya\\Documents\\careerfoundry\\meet_app\\src\\mock-data.js","statementMap":{"0":{"start":{"line":3,"column":17},"end":{"line":1644,"column":1}},"1":{"start":{"line":1646,"column":25},"end":{"line":1648,"column":1}},"2":{"start":{"line":1647,"column":2},"end":{"line":1647,"column":35}}},"fnMap":{"0":{"name":"(anonymous_0)","decl":{"start":{"line":1646,"column":25},"end":{"line":1646,"column":26}},"loc":{"start":{"line":1646,"column":31},"end":{"line":1648,"column":1}},"line":1646}},"branchMap":{},"s":{"0":7,"1":7,"2":6},"f":{"0":6},"b":{},"_coverageSchema":"1a1c01bbd47fc00a2c39e90264f33305004495a9","hash":"62cd0edf2cad23a4f6ce5691b45185846df423d1"}
,"C:\\Users\\Orsolya\\Documents\\careerfoundry\\meet_app\\src\\components\\Alert.js": {"path":"C:\\Users\\Orsolya\\Documents\\careerfoundry\\meet_app\\src\\components\\Alert.js","statementMap":{"0":{"start":{"line":6,"column":4},"end":{"line":6,"column":17}},"1":{"start":{"line":7,"column":4},"end":{"line":7,"column":22}},"2":{"start":{"line":8,"column":4},"end":{"line":8,"column":24}},"3":{"start":{"line":10,"column":13},"end":{"line":24,"column":3}},"4":{"start":{"line":11,"column":4},"end":{"line":23,"column":6}},"5":{"start":{"line":26,"column":4},"end":{"line":30,"column":6}},"6":{"start":{"line":36,"column":4},"end":{"line":36,"column":17}},"7":{"start":{"line":37,"column":4},"end":{"line":37,"column":34}},"8":{"start":{"line":38,"column":4},"end":{"line":38,"column":40}},"9":{"start":{"line":44,"column":4},"end":{"line":44,"column":17}},"10":{"start":{"line":45,"column":4},"end":{"line":45,"column":23}},"11":{"start":{"line":46,"column":4},"end":{"line":46,"column":40}},"12":{"start":{"line":52,"column":4},"end":{"line":52,"column":17}},"13":{"start":{"line":53,"column":4},"end":{"line":53,"column":26}},"14":{"start":{"line":54,"column":4},"end":{"line":54,"column":33}},"15":{"start":{"line":60,"column":4},"end":{"line":60,"column":17}},"16":{"start":{"line":61,"column":4},"end":{"line":61,"column":26}},"17":{"start":{"line":62,"column":4},"end":{"line":62,"column":40}}},"fnMap":{"0":{"name":"(anonymous_0)","decl":{"start":{"line":5,"column":2},"end":{"line":5,"column":3}},"loc":{"start":{"line":5,"column":21},"end":{"line":9,"column":3}},"line":5},"1":{"name":"(anonymous_1)","decl":{"start":{"line":10,"column":13},"end":{"line":10,"column":14}},"loc":{"start":{"line":10,"column":19},"end":{"line":24,"column":3}},"line":10},"2":{"name":"(anonymous_2)","decl":{"start":{"line":25,"column":2},"end":{"line":25,"column":3}},"loc":{"start":{"line":25,"column":11},"end":{"line":31,"column":3}},"line":25},"3":{"name":"(anonymous_3)","decl":{"start":{"line":35,"column":2},"end":{"line":35,"column":3}},"loc":{"start":{"line":35,"column":21},"end":{"line":39,"column":3}},"line":35},"4":{"name":"(anonymous_4)","decl":{"start":{"line":43,"column":2},"end":{"line":43,"column":3}},"loc":{"start":{"line":43,"column":21},"end":{"line":47,"column":3}},"line":43},"5":{"name":"(anonymous_5)","decl":{"start":{"line":51,"column":2},"end":{"line":51,"column":3}},"loc":{"start":{"line":51,"column":21},"end":{"line":55,"column":3}},"line":51},"6":{"name":"(anonymous_6)","decl":{"start":{"line":59,"column":2},"end":{"line":59,"column":3}},"loc":{"start":{"line":59,"column":21},"end":{"line":63,"column":3}},"line":59}},"branchMap":{},"s":{"0":1,"1":1,"2":1,"3":1,"4":1,"5":1,"6":0,"7":0,"8":0,"9":0,"10":0,"11":0,"12":1,"13":1,"14":1,"15":0,"16":0,"17":0},"f":{"0":1,"1":1,"2":1,"3":0,"4":0,"5":1,"6":0},"b":{},"_coverageSchema":"1a1c01bbd47fc00a2c39e90264f33305004495a9","hash":"dab0ba9596fd0521078fa11eecc57fa956702171"}
,"C:\\Users\\Orsolya\\Documents\\careerfoundry\\meet_app\\src\\components\\CityEventsChart.js": {"path":"C:\\Users\\Orsolya\\Documents\\careerfoundry\\meet_app\\src\\components\\CityEventsChart.js","statementMap":{"0":{"start":{"line":13,"column":24},"end":{"line":56,"column":1}},"1":{"start":{"line":14,"column":26},"end":{"line":14,"column":38}},"2":{"start":{"line":16,"column":2},"end":{"line":18,"column":18}},"3":{"start":{"line":17,"column":4},"end":{"line":17,"column":23}},"4":{"start":{"line":20,"column":18},"end":{"line":29,"column":3}},"5":{"start":{"line":21,"column":17},"end":{"line":27,"column":6}},"6":{"start":{"line":22,"column":20},"end":{"line":24,"column":14}},"7":{"start":{"line":23,"column":19},"end":{"line":23,"column":46}},"8":{"start":{"line":25,"column":19},"end":{"line":25,"column":46}},"9":{"start":{"line":26,"column":6},"end":{"line":26,"column":29}},"10":{"start":{"line":28,"column":4},"end":{"line":28,"column":16}},"11":{"start":{"line":31,"column":2},"end":{"line":55,"column":4}}},"fnMap":{"0":{"name":"(anonymous_0)","decl":{"start":{"line":13,"column":24},"end":{"line":13,"column":25}},"loc":{"start":{"line":13,"column":54},"end":{"line":56,"column":1}},"line":13},"1":{"name":"(anonymous_1)","decl":{"start":{"line":16,"column":12},"end":{"line":16,"column":13}},"loc":{"start":{"line":16,"column":18},"end":{"line":18,"column":3}},"line":16},"2":{"name":"(anonymous_2)","decl":{"start":{"line":20,"column":18},"end":{"line":20,"column":19}},"loc":{"start":{"line":20,"column":24},"end":{"line":29,"column":3}},"line":20},"3":{"name":"(anonymous_3)","decl":{"start":{"line":21,"column":34},"end":{"line":21,"column":35}},"loc":{"start":{"line":21,"column":48},"end":{"line":27,"column":5}},"line":21},"4":{"name":"(anonymous_4)","decl":{"start":{"line":23,"column":8},"end":{"line":23,"column":9}},"loc":{"start":{"line":23,"column":19},"end":{"line":23,"column":46}},"line":23}},"branchMap":{},"s":{"0":6,"1":47,"2":47,"3":14,"4":47,"5":14,"6":0,"7":0,"8":0,"9":0,"10":14,"11":47},"f":{"0":47,"1":14,"2":14,"3":0,"4":0},"b":{},"_coverageSchema":"1a1c01bbd47fc00a2c39e90264f33305004495a9","hash":"ad69fddb8dae3605824f1d58b941a5565a61e5a7"}
,"C:\\Users\\Orsolya\\Documents\\careerfoundry\\meet_app\\src\\components\\CitySearch.js": {"path":"C:\\Users\\Orsolya\\Documents\\careerfoundry\\meet_app\\src\\components\\CitySearch.js","statementMap":{"0":{"start":{"line":4,"column":19},"end":{"line":92,"column":1}},"1":{"start":{"line":10,"column":48},"end":{"line":10,"column":63}},"2":{"start":{"line":11,"column":28},"end":{"line":11,"column":40}},"3":{"start":{"line":12,"column":40},"end":{"line":12,"column":52}},"4":{"start":{"line":14,"column":29},"end":{"line":51,"column":3}},"5":{"start":{"line":15,"column":18},"end":{"line":15,"column":36}},"6":{"start":{"line":16,"column":4},"end":{"line":16,"column":20}},"7":{"start":{"line":18,"column":30},"end":{"line":22,"column":10}},"8":{"start":{"line":20,"column":10},"end":{"line":20,"column":64}},"9":{"start":{"line":24,"column":4},"end":{"line":24,"column":38}},"10":{"start":{"line":26,"column":4},"end":{"line":50,"column":5}},"11":{"start":{"line":27,"column":6},"end":{"line":46,"column":7}},"12":{"start":{"line":29,"column":24},"end":{"line":29,"column":70}},"13":{"start":{"line":32,"column":8},"end":{"line":32,"column":25}},"14":{"start":{"line":33,"column":8},"end":{"line":35,"column":10}},"15":{"start":{"line":37,"column":8},"end":{"line":45,"column":9}},"16":{"start":{"line":38,"column":10},"end":{"line":38,"column":79}},"17":{"start":{"line":39,"column":10},"end":{"line":39,"column":27}},"18":{"start":{"line":41,"column":10},"end":{"line":43,"column":12}},"19":{"start":{"line":44,"column":10},"end":{"line":44,"column":28}},"20":{"start":{"line":48,"column":6},"end":{"line":48,"column":23}},"21":{"start":{"line":49,"column":6},"end":{"line":49,"column":24}},"22":{"start":{"line":53,"column":28},"end":{"line":60,"column":3}},"23":{"start":{"line":54,"column":18},"end":{"line":54,"column":42}},"24":{"start":{"line":55,"column":4},"end":{"line":55,"column":20}},"25":{"start":{"line":56,"column":4},"end":{"line":56,"column":30}},"26":{"start":{"line":57,"column":4},"end":{"line":57,"column":26}},"27":{"start":{"line":58,"column":4},"end":{"line":58,"column":21}},"28":{"start":{"line":59,"column":4},"end":{"line":59,"column":22}},"29":{"start":{"line":62,"column":2},"end":{"line":64,"column":21}},"30":{"start":{"line":63,"column":4},"end":{"line":63,"column":33}},"31":{"start":{"line":66,"column":2},"end":{"line":91,"column":4}},"32":{"start":{"line":74,"column":23},"end":{"line":74,"column":47}},"33":{"start":{"line":79,"column":12},"end":{"line":83,"column":14}}},"fnMap":{"0":{"name":"(anonymous_0)","decl":{"start":{"line":4,"column":19},"end":{"line":4,"column":20}},"loc":{"start":{"line":9,"column":6},"end":{"line":92,"column":1}},"line":9},"1":{"name":"(anonymous_1)","decl":{"start":{"line":14,"column":29},"end":{"line":14,"column":30}},"loc":{"start":{"line":14,"column":40},"end":{"line":51,"column":3}},"line":14},"2":{"name":"(anonymous_2)","decl":{"start":{"line":19,"column":28},"end":{"line":19,"column":29}},"loc":{"start":{"line":20,"column":10},"end":{"line":20,"column":64}},"line":20},"3":{"name":"(anonymous_3)","decl":{"start":{"line":29,"column":10},"end":{"line":29,"column":11}},"loc":{"start":{"line":29,"column":24},"end":{"line":29,"column":70}},"line":29},"4":{"name":"(anonymous_4)","decl":{"start":{"line":53,"column":28},"end":{"line":53,"column":29}},"loc":{"start":{"line":53,"column":39},"end":{"line":60,"column":3}},"line":53},"5":{"name":"(anonymous_5)","decl":{"start":{"line":62,"column":12},"end":{"line":62,"column":13}},"loc":{"start":{"line":62,"column":18},"end":{"line":64,"column":3}},"line":62},"6":{"name":"(anonymous_6)","decl":{"start":{"line":74,"column":17},"end":{"line":74,"column":18}},"loc":{"start":{"line":74,"column":23},"end":{"line":74,"column":47}},"line":74},"7":{"name":"(anonymous_7)","decl":{"start":{"line":78,"column":27},"end":{"line":78,"column":28}},"loc":{"start":{"line":78,"column":43},"end":{"line":84,"column":11}},"line":78}},"branchMap":{"0":{"loc":{"start":{"line":18,"column":30},"end":{"line":22,"column":10}},"type":"cond-expr","locations":[{"start":{"line":19,"column":8},"end":{"line":21,"column":9}},{"start":{"line":22,"column":8},"end":{"line":22,"column":10}}],"line":18},"1":{"loc":{"start":{"line":26,"column":4},"end":{"line":50,"column":5}},"type":"if","locations":[{"start":{"line":26,"column":4},"end":{"line":50,"column":5}},{"start":{"line":47,"column":11},"end":{"line":50,"column":5}}],"line":26},"2":{"loc":{"start":{"line":26,"column":8},"end":{"line":26,"column":58}},"type":"binary-expr","locations":[{"start":{"line":26,"column":8},"end":{"line":26,"column":24}},{"start":{"line":26,"column":28},"end":{"line":26,"column":58}}],"line":26},"3":{"loc":{"start":{"line":27,"column":6},"end":{"line":46,"column":7}},"type":"if","locations":[{"start":{"line":27,"column":6},"end":{"line":46,"column":7}},{"start":{"line":36,"column":13},"end":{"line":46,"column":7}}],"line":27},"4":{"loc":{"start":{"line":37,"column":8},"end":{"line":45,"column":9}},"type":"if","locations":[{"start":{"line":37,"column":8},"end":{"line":45,"column":9}},{"start":{"line":40,"column":15},"end":{"line":45,"column":9}}],"line":37},"5":{"loc":{"start":{"line":76,"column":7},"end":{"line":89,"column":14}},"type":"cond-expr","locations":[{"start":{"line":77,"column":8},"end":{"line":88,"column":13}},{"start":{"line":89,"column":10},"end":{"line":89,"column":14}}],"line":76}},"s":{"0":6,"1":114,"2":114,"3":114,"4":114,"5":30,"6":30,"7":30,"8":210,"9":30,"10":30,"11":0,"12":0,"13":0,"14":0,"15":0,"16":0,"17":0,"18":0,"19":0,"20":30,"21":30,"22":114,"23":3,"24":3,"25":3,"26":3,"27":3,"28":3,"29":114,"30":36,"31":114,"32":7,"33":72},"f":{"0":114,"1":30,"2":210,"3":0,"4":3,"5":36,"6":7,"7":72},"b":{"0":[30,0],"1":[0,30],"2":[30,30],"3":[0,0],"4":[0,0],"5":[39,75]},"_coverageSchema":"1a1c01bbd47fc00a2c39e90264f33305004495a9","hash":"6822ec6b1a713f2a472627162003a94ba6288bb5"}
,"C:\\Users\\Orsolya\\Documents\\careerfoundry\\meet_app\\src\\components\\Event.js": {"path":"C:\\Users\\Orsolya\\Documents\\careerfoundry\\meet_app\\src\\components\\Event.js","statementMap":{"0":{"start":{"line":4,"column":14},"end":{"line":50,"column":1}},"1":{"start":{"line":5,"column":38},"end":{"line":5,"column":53}},"2":{"start":{"line":6,"column":21},"end":{"line":6,"column":33}},"3":{"start":{"line":8,"column":30},"end":{"line":11,"column":3}},"4":{"start":{"line":9,"column":4},"end":{"line":9,"column":28}},"5":{"start":{"line":10,"column":4},"end":{"line":10,"column":31}},"6":{"start":{"line":13,"column":29},"end":{"line":17,"column":3}},"7":{"start":{"line":14,"column":4},"end":{"line":16,"column":5}},"8":{"start":{"line":15,"column":6},"end":{"line":15,"column":27}},"9":{"start":{"line":19,"column":2},"end":{"line":29,"column":19}},"10":{"start":{"line":20,"column":4},"end":{"line":24,"column":5}},"11":{"start":{"line":21,"column":6},"end":{"line":21,"column":61}},"12":{"start":{"line":23,"column":6},"end":{"line":23,"column":64}},"13":{"start":{"line":26,"column":4},"end":{"line":28,"column":6}},"14":{"start":{"line":27,"column":6},"end":{"line":27,"column":64}},"15":{"start":{"line":31,"column":2},"end":{"line":49,"column":4}}},"fnMap":{"0":{"name":"(anonymous_0)","decl":{"start":{"line":4,"column":14},"end":{"line":4,"column":15}},"loc":{"start":{"line":4,"column":29},"end":{"line":50,"column":1}},"line":4},"1":{"name":"(anonymous_1)","decl":{"start":{"line":8,"column":30},"end":{"line":8,"column":31}},"loc":{"start":{"line":8,"column":41},"end":{"line":11,"column":3}},"line":8},"2":{"name":"(anonymous_2)","decl":{"start":{"line":13,"column":29},"end":{"line":13,"column":30}},"loc":{"start":{"line":13,"column":40},"end":{"line":17,"column":3}},"line":13},"3":{"name":"(anonymous_3)","decl":{"start":{"line":19,"column":12},"end":{"line":19,"column":13}},"loc":{"start":{"line":19,"column":18},"end":{"line":29,"column":3}},"line":19},"4":{"name":"(anonymous_4)","decl":{"start":{"line":26,"column":11},"end":{"line":26,"column":12}},"loc":{"start":{"line":26,"column":17},"end":{"line":28,"column":5}},"line":26}},"branchMap":{"0":{"loc":{"start":{"line":14,"column":4},"end":{"line":16,"column":5}},"type":"if","locations":[{"start":{"line":14,"column":4},"end":{"line":16,"column":5}},{"start":{},"end":{}}],"line":14},"1":{"loc":{"start":{"line":14,"column":8},"end":{"line":14,"column":72}},"type":"binary-expr","locations":[{"start":{"line":14,"column":8},"end":{"line":14,"column":26}},{"start":{"line":14,"column":30},"end":{"line":14,"column":72}}],"line":14},"2":{"loc":{"start":{"line":20,"column":4},"end":{"line":24,"column":5}},"type":"if","locations":[{"start":{"line":20,"column":4},"end":{"line":24,"column":5}},{"start":{"line":22,"column":11},"end":{"line":24,"column":5}}],"line":20},"3":{"loc":{"start":{"line":38,"column":11},"end":{"line":38,"column":55}},"type":"cond-expr","locations":[{"start":{"line":38,"column":24},"end":{"line":38,"column":38}},{"start":{"line":38,"column":41},"end":{"line":38,"column":55}}],"line":38},"4":{"loc":{"start":{"line":41,"column":7},"end":{"line":47,"column":7}},"type":"binary-expr","locations":[{"start":{"line":41,"column":7},"end":{"line":41,"column":17}},{"start":{"line":42,"column":8},"end":{"line":46,"column":14}}],"line":41}},"s":{"0":7,"1":607,"2":607,"3":607,"4":6,"5":6,"6":607,"7":0,"8":0,"9":607,"10":405,"11":4,"12":401,"13":405,"14":405,"15":607},"f":{"0":607,"1":6,"2":0,"3":405,"4":405},"b":{"0":[0,0],"1":[0,0],"2":[4,401],"3":[4,603],"4":[607,4]},"_coverageSchema":"1a1c01bbd47fc00a2c39e90264f33305004495a9","hash":"cea2ed854029d573363f34b8b3bbe86ded045c14"}
,"C:\\Users\\Orsolya\\Documents\\careerfoundry\\meet_app\\src\\components\\EventList.js": {"path":"C:\\Users\\Orsolya\\Documents\\careerfoundry\\meet_app\\src\\components\\EventList.js","statementMap":{"0":{"start":{"line":4,"column":18},"end":{"line":12,"column":1}},"1":{"start":{"line":5,"column":2},"end":{"line":11,"column":4}},"2":{"start":{"line":8,"column":32},"end":{"line":8,"column":70}}},"fnMap":{"0":{"name":"(anonymous_0)","decl":{"start":{"line":4,"column":18},"end":{"line":4,"column":19}},"loc":{"start":{"line":4,"column":34},"end":{"line":12,"column":1}},"line":4},"1":{"name":"(anonymous_1)","decl":{"start":{"line":8,"column":21},"end":{"line":8,"column":22}},"loc":{"start":{"line":8,"column":32},"end":{"line":8,"column":70}},"line":8}},"branchMap":{"0":{"loc":{"start":{"line":7,"column":7},"end":{"line":9,"column":14}},"type":"cond-expr","locations":[{"start":{"line":8,"column":10},"end":{"line":8,"column":71}},{"start":{"line":9,"column":10},"end":{"line":9,"column":14}}],"line":7}},"s":{"0":6,"1":36,"2":596},"f":{"0":36,"1":596},"b":{"0":[34,2]},"_coverageSchema":"1a1c01bbd47fc00a2c39e90264f33305004495a9","hash":"3784843ba269ed86d67287b2a6bc28774662ae47"}
,"C:\\Users\\Orsolya\\Documents\\careerfoundry\\meet_app\\src\\components\\Header.js": {"path":"C:\\Users\\Orsolya\\Documents\\careerfoundry\\meet_app\\src\\components\\Header.js","statementMap":{"0":{"start":{"line":4,"column":15},"end":{"line":12,"column":1}},"1":{"start":{"line":5,"column":2},"end":{"line":11,"column":11}}},"fnMap":{"0":{"name":"(anonymous_0)","decl":{"start":{"line":4,"column":15},"end":{"line":4,"column":16}},"loc":{"start":{"line":5,"column":2},"end":{"line":11,"column":11}},"line":5}},"branchMap":{},"s":{"0":6,"1":33},"f":{"0":33},"b":{},"_coverageSchema":"1a1c01bbd47fc00a2c39e90264f33305004495a9","hash":"9069c5ad4e52096c32c659cd5c158d8a9b4595f0"}
,"C:\\Users\\Orsolya\\Documents\\careerfoundry\\meet_app\\src\\components\\NumberOfEvents.js": {"path":"C:\\Users\\Orsolya\\Documents\\careerfoundry\\meet_app\\src\\components\\NumberOfEvents.js","statementMap":{"0":{"start":{"line":4,"column":23},"end":{"line":57,"column":1}},"1":{"start":{"line":5,"column":38},"end":{"line":5,"column":50}},"2":{"start":{"line":7,"column":29},"end":{"line":27,"column":3}},"3":{"start":{"line":8,"column":16},"end":{"line":8,"column":34}},"4":{"start":{"line":10,"column":4},"end":{"line":26,"column":5}},"5":{"start":{"line":11,"column":6},"end":{"line":11,"column":27}},"6":{"start":{"line":12,"column":6},"end":{"line":12,"column":55}},"7":{"start":{"line":14,"column":27},"end":{"line":14,"column":46}},"8":{"start":{"line":15,"column":6},"end":{"line":25,"column":7}},"9":{"start":{"line":16,"column":8},"end":{"line":16,"column":29}},"10":{"start":{"line":17,"column":8},"end":{"line":17,"column":65}},"11":{"start":{"line":18,"column":13},"end":{"line":25,"column":7}},"12":{"start":{"line":19,"column":8},"end":{"line":19,"column":36}},"13":{"start":{"line":20,"column":8},"end":{"line":20,"column":66}},"14":{"start":{"line":22,"column":8},"end":{"line":22,"column":36}},"15":{"start":{"line":23,"column":8},"end":{"line":23,"column":39}},"16":{"start":{"line":24,"column":8},"end":{"line":24,"column":29}},"17":{"start":{"line":29,"column":26},"end":{"line":42,"column":3}},"18":{"start":{"line":30,"column":4},"end":{"line":41,"column":5}},"19":{"start":{"line":31,"column":6},"end":{"line":31,"column":23}},"20":{"start":{"line":32,"column":6},"end":{"line":32,"column":26}},"21":{"start":{"line":33,"column":6},"end":{"line":33,"column":71}},"22":{"start":{"line":35,"column":27},"end":{"line":35,"column":51}},"23":{"start":{"line":36,"column":6},"end":{"line":40,"column":7}},"24":{"start":{"line":37,"column":8},"end":{"line":37,"column":25}},"25":{"start":{"line":38,"column":8},"end":{"line":38,"column":28}},"26":{"start":{"line":39,"column":8},"end":{"line":39,"column":65}},"27":{"start":{"line":44,"column":2},"end":{"line":56,"column":4}}},"fnMap":{"0":{"name":"(anonymous_0)","decl":{"start":{"line":4,"column":23},"end":{"line":4,"column":24}},"loc":{"start":{"line":4,"column":67},"end":{"line":57,"column":1}},"line":4},"1":{"name":"(anonymous_1)","decl":{"start":{"line":7,"column":29},"end":{"line":7,"column":30}},"loc":{"start":{"line":7,"column":40},"end":{"line":27,"column":3}},"line":7},"2":{"name":"(anonymous_2)","decl":{"start":{"line":29,"column":26},"end":{"line":29,"column":27}},"loc":{"start":{"line":29,"column":32},"end":{"line":42,"column":3}},"line":29}},"branchMap":{"0":{"loc":{"start":{"line":10,"column":4},"end":{"line":26,"column":5}},"type":"if","locations":[{"start":{"line":10,"column":4},"end":{"line":26,"column":5}},{"start":{"line":13,"column":11},"end":{"line":26,"column":5}}],"line":10},"1":{"loc":{"start":{"line":10,"column":8},"end":{"line":10,"column":36}},"type":"binary-expr","locations":[{"start":{"line":10,"column":8},"end":{"line":10,"column":20}},{"start":{"line":10,"column":24},"end":{"line":10,"column":36}}],"line":10},"2":{"loc":{"start":{"line":15,"column":6},"end":{"line":25,"column":7}},"type":"if","locations":[{"start":{"line":15,"column":6},"end":{"line":25,"column":7}},{"start":{"line":18,"column":13},"end":{"line":25,"column":7}}],"line":15},"3":{"loc":{"start":{"line":18,"column":13},"end":{"line":25,"column":7}},"type":"if","locations":[{"start":{"line":18,"column":13},"end":{"line":25,"column":7}},{"start":{"line":21,"column":13},"end":{"line":25,"column":7}}],"line":18},"4":{"loc":{"start":{"line":30,"column":4},"end":{"line":41,"column":5}},"type":"if","locations":[{"start":{"line":30,"column":4},"end":{"line":41,"column":5}},{"start":{"line":34,"column":11},"end":{"line":41,"column":5}}],"line":30},"5":{"loc":{"start":{"line":30,"column":8},"end":{"line":30,"column":46}},"type":"binary-expr","locations":[{"start":{"line":30,"column":8},"end":{"line":30,"column":25}},{"start":{"line":30,"column":29},"end":{"line":30,"column":46}}],"line":30},"6":{"loc":{"start":{"line":36,"column":6},"end":{"line":40,"column":7}},"type":"if","locations":[{"start":{"line":36,"column":6},"end":{"line":40,"column":7}},{"start":{},"end":{}}],"line":36},"7":{"loc":{"start":{"line":49,"column":15},"end":{"line":49,"column":52}},"type":"cond-expr","locations":[{"start":{"line":49,"column":37},"end":{"line":49,"column":47}},{"start":{"line":49,"column":50},"end":{"line":49,"column":52}}],"line":49}},"s":{"0":7,"1":49,"2":49,"3":12,"4":12,"5":5,"6":5,"7":7,"8":7,"9":2,"10":2,"11":5,"12":0,"13":0,"14":5,"15":5,"16":5,"17":49,"18":1,"19":1,"20":1,"21":1,"22":0,"23":0,"24":0,"25":0,"26":0,"27":49},"f":{"0":49,"1":12,"2":1},"b":{"0":[5,7],"1":[12,7],"2":[2,5],"3":[0,5],"4":[1,0],"5":[1,0],"6":[0,0],"7":[49,0]},"_coverageSchema":"1a1c01bbd47fc00a2c39e90264f33305004495a9","hash":"ab20ec41b080d7233a6abb1855baeb81bab0955f"}
}
