{"C:\\Users\\Orsolya\\Documents\\careerfoundry\\meet_app\\src\\App.js": {"path":"C:\\Users\\Orsolya\\Documents\\careerfoundry\\meet_app\\src\\App.js","statementMap":{"0":{"start":{"line":8,"column":12},"end":{"line":35,"column":1}},"1":{"start":{"line":9,"column":30},"end":{"line":9,"column":42}},"2":{"start":{"line":10,"column":38},"end":{"line":10,"column":50}},"3":{"start":{"line":11,"column":42},"end":{"line":11,"column":54}},"4":{"start":{"line":12,"column":40},"end":{"line":12,"column":66}},"5":{"start":{"line":14,"column":2},"end":{"line":16,"column":32}},"6":{"start":{"line":15,"column":4},"end":{"line":15,"column":16}},"7":{"start":{"line":18,"column":20},"end":{"line":26,"column":3}},"8":{"start":{"line":19,"column":22},"end":{"line":19,"column":39}},"9":{"start":{"line":21,"column":6},"end":{"line":23,"column":69}},"10":{"start":{"line":23,"column":38},"end":{"line":23,"column":68}},"11":{"start":{"line":24,"column":4},"end":{"line":24,"column":51}},"12":{"start":{"line":25,"column":4},"end":{"line":25,"column":49}},"13":{"start":{"line":28,"column":2},"end":{"line":34,"column":4}}},"fnMap":{"0":{"name":"(anonymous_0)","decl":{"start":{"line":8,"column":12},"end":{"line":8,"column":13}},"loc":{"start":{"line":8,"column":18},"end":{"line":35,"column":1}},"line":8},"1":{"name":"(anonymous_1)","decl":{"start":{"line":14,"column":12},"end":{"line":14,"column":13}},"loc":{"start":{"line":14,"column":18},"end":{"line":16,"column":3}},"line":14},"2":{"name":"(anonymous_2)","decl":{"start":{"line":18,"column":20},"end":{"line":18,"column":21}},"loc":{"start":{"line":18,"column":32},"end":{"line":26,"column":3}},"line":18},"3":{"name":"(anonymous_3)","decl":{"start":{"line":23,"column":27},"end":{"line":23,"column":28}},"loc":{"start":{"line":23,"column":38},"end":{"line":23,"column":68}},"line":23}},"branchMap":{"0":{"loc":{"start":{"line":21,"column":6},"end":{"line":23,"column":69}},"type":"cond-expr","locations":[{"start":{"line":22,"column":10},"end":{"line":22,"column":19}},{"start":{"line":23,"column":10},"end":{"line":23,"column":69}}],"line":21}},"s":{"0":3,"1":12,"2":11,"3":11,"4":11,"5":11,"6":7,"7":11,"8":7,"9":7,"10":35,"11":7,"12":7,"13":11},"f":{"0":12,"1":7,"2":7,"3":35},"b":{"0":[6,1]},"_coverageSchema":"1a1c01bbd47fc00a2c39e90264f33305004495a9","hash":"47462cc3be8785a7cb7a67cd3c82fc0b04ef5d83"}
,"C:\\Users\\Orsolya\\Documents\\careerfoundry\\meet_app\\src\\api.js": {"path":"C:\\Users\\Orsolya\\Documents\\careerfoundry\\meet_app\\src\\api.js","statementMap":{"0":{"start":{"line":11,"column":32},"end":{"line":15,"column":1}},"1":{"start":{"line":12,"column":29},"end":{"line":12,"column":66}},"2":{"start":{"line":12,"column":51},"end":{"line":12,"column":65}},"3":{"start":{"line":13,"column":20},"end":{"line":13,"column":52}},"4":{"start":{"line":14,"column":2},"end":{"line":14,"column":19}},"5":{"start":{"line":17,"column":25},"end":{"line":33,"column":1}},"6":{"start":{"line":18,"column":2},"end":{"line":20,"column":3}},"7":{"start":{"line":19,"column":4},"end":{"line":19,"column":20}},"8":{"start":{"line":22,"column":16},"end":{"line":22,"column":38}},"9":{"start":{"line":24,"column":2},"end":{"line":32,"column":3}},"10":{"start":{"line":25,"column":4},"end":{"line":25,"column":18}},"11":{"start":{"line":26,"column":16},"end":{"line":26,"column":100}},"12":{"start":{"line":27,"column":21},"end":{"line":27,"column":37}},"13":{"start":{"line":28,"column":19},"end":{"line":28,"column":40}},"14":{"start":{"line":29,"column":4},"end":{"line":31,"column":23}},"15":{"start":{"line":30,"column":6},"end":{"line":30,"column":27}},"16":{"start":{"line":31,"column":11},"end":{"line":31,"column":23}},"17":{"start":{"line":35,"column":30},"end":{"line":66,"column":1}},"18":{"start":{"line":36,"column":22},"end":{"line":36,"column":58}},"19":{"start":{"line":37,"column":21},"end":{"line":37,"column":67}},"20":{"start":{"line":39,"column":2},"end":{"line":64,"column":3}},"21":{"start":{"line":40,"column":4},"end":{"line":40,"column":50}},"22":{"start":{"line":41,"column":25},"end":{"line":41,"column":68}},"23":{"start":{"line":42,"column":17},"end":{"line":42,"column":41}},"24":{"start":{"line":43,"column":4},"end":{"line":62,"column":5}},"25":{"start":{"line":44,"column":23},"end":{"line":46,"column":7}},"26":{"start":{"line":47,"column":21},"end":{"line":47,"column":42}},"27":{"start":{"line":48,"column":26},"end":{"line":48,"column":32}},"28":{"start":{"line":51,"column":26},"end":{"line":51,"column":64}},"29":{"start":{"line":54,"column":6},"end":{"line":60,"column":7}},"30":{"start":{"line":55,"column":8},"end":{"line":55,"column":39}},"31":{"start":{"line":57,"column":8},"end":{"line":59,"column":12}},"32":{"start":{"line":61,"column":6},"end":{"line":61,"column":13}},"33":{"start":{"line":63,"column":4},"end":{"line":63,"column":34}},"34":{"start":{"line":65,"column":2},"end":{"line":65,"column":21}},"35":{"start":{"line":68,"column":17},"end":{"line":87,"column":1}},"36":{"start":{"line":69,"column":2},"end":{"line":86,"column":3}},"37":{"start":{"line":70,"column":23},"end":{"line":70,"column":47}},"38":{"start":{"line":72,"column":21},"end":{"line":74,"column":5}},"39":{"start":{"line":75,"column":4},"end":{"line":77,"column":5}},"40":{"start":{"line":76,"column":6},"end":{"line":76,"column":64}},"41":{"start":{"line":78,"column":29},"end":{"line":78,"column":50}},"42":{"start":{"line":79,"column":4},"end":{"line":81,"column":5}},"43":{"start":{"line":80,"column":6},"end":{"line":80,"column":57}},"44":{"start":{"line":82,"column":4},"end":{"line":82,"column":24}},"45":{"start":{"line":84,"column":4},"end":{"line":84,"column":50}},"46":{"start":{"line":85,"column":4},"end":{"line":85,"column":16}},"47":{"start":{"line":89,"column":19},"end":{"line":95,"column":1}},"48":{"start":{"line":90,"column":19},"end":{"line":92,"column":3}},"49":{"start":{"line":93,"column":17},"end":{"line":93,"column":38}},"50":{"start":{"line":94,"column":2},"end":{"line":94,"column":16}},"51":{"start":{"line":97,"column":20},"end":{"line":110,"column":1}},"52":{"start":{"line":99,"column":2},"end":{"line":109,"column":3}},"53":{"start":{"line":100,"column":4},"end":{"line":104,"column":31}},"54":{"start":{"line":105,"column":4},"end":{"line":105,"column":45}},"55":{"start":{"line":107,"column":4},"end":{"line":107,"column":68}},"56":{"start":{"line":108,"column":4},"end":{"line":108,"column":45}}},"fnMap":{"0":{"name":"(anonymous_0)","decl":{"start":{"line":11,"column":32},"end":{"line":11,"column":33}},"loc":{"start":{"line":11,"column":44},"end":{"line":15,"column":1}},"line":11},"1":{"name":"(anonymous_1)","decl":{"start":{"line":12,"column":40},"end":{"line":12,"column":41}},"loc":{"start":{"line":12,"column":51},"end":{"line":12,"column":65}},"line":12},"2":{"name":"(anonymous_2)","decl":{"start":{"line":17,"column":25},"end":{"line":17,"column":26}},"loc":{"start":{"line":17,"column":37},"end":{"line":33,"column":1}},"line":17},"3":{"name":"(anonymous_3)","decl":{"start":{"line":35,"column":30},"end":{"line":35,"column":31}},"loc":{"start":{"line":35,"column":42},"end":{"line":66,"column":1}},"line":35},"4":{"name":"(anonymous_4)","decl":{"start":{"line":68,"column":17},"end":{"line":68,"column":18}},"loc":{"start":{"line":68,"column":33},"end":{"line":87,"column":1}},"line":68},"5":{"name":"(anonymous_5)","decl":{"start":{"line":89,"column":19},"end":{"line":89,"column":20}},"loc":{"start":{"line":89,"column":42},"end":{"line":95,"column":1}},"line":89},"6":{"name":"(anonymous_6)","decl":{"start":{"line":97,"column":20},"end":{"line":97,"column":21}},"loc":{"start":{"line":97,"column":26},"end":{"line":110,"column":1}},"line":97}},"branchMap":{"0":{"loc":{"start":{"line":18,"column":2},"end":{"line":20,"column":3}},"type":"if","locations":[{"start":{"line":18,"column":2},"end":{"line":20,"column":3}},{"start":{},"end":{}}],"line":18},"1":{"loc":{"start":{"line":24,"column":2},"end":{"line":32,"column":3}},"type":"if","locations":[{"start":{"line":24,"column":2},"end":{"line":32,"column":3}},{"start":{},"end":{}}],"line":24},"2":{"loc":{"start":{"line":29,"column":4},"end":{"line":31,"column":23}},"type":"if","locations":[{"start":{"line":29,"column":4},"end":{"line":31,"column":23}},{"start":{"line":31,"column":11},"end":{"line":31,"column":23}}],"line":29},"3":{"loc":{"start":{"line":37,"column":21},"end":{"line":37,"column":67}},"type":"binary-expr","locations":[{"start":{"line":37,"column":21},"end":{"line":37,"column":32}},{"start":{"line":37,"column":37},"end":{"line":37,"column":66}}],"line":37},"4":{"loc":{"start":{"line":39,"column":2},"end":{"line":64,"column":3}},"type":"if","locations":[{"start":{"line":39,"column":2},"end":{"line":64,"column":3}},{"start":{},"end":{}}],"line":39},"5":{"loc":{"start":{"line":39,"column":6},"end":{"line":39,"column":38}},"type":"binary-expr","locations":[{"start":{"line":39,"column":6},"end":{"line":39,"column":18}},{"start":{"line":39,"column":22},"end":{"line":39,"column":38}}],"line":39},"6":{"loc":{"start":{"line":43,"column":4},"end":{"line":62,"column":5}},"type":"if","locations":[{"start":{"line":43,"column":4},"end":{"line":62,"column":5}},{"start":{},"end":{}}],"line":43},"7":{"loc":{"start":{"line":54,"column":6},"end":{"line":60,"column":7}},"type":"if","locations":[{"start":{"line":54,"column":6},"end":{"line":60,"column":7}},{"start":{"line":56,"column":13},"end":{"line":60,"column":7}}],"line":54},"8":{"loc":{"start":{"line":63,"column":11},"end":{"line":63,"column":33}},"type":"binary-expr","locations":[{"start":{"line":63,"column":11},"end":{"line":63,"column":15}},{"start":{"line":63,"column":19},"end":{"line":63,"column":33}}],"line":63},"9":{"loc":{"start":{"line":75,"column":4},"end":{"line":77,"column":5}},"type":"if","locations":[{"start":{"line":75,"column":4},"end":{"line":77,"column":5}},{"start":{},"end":{}}],"line":75},"10":{"loc":{"start":{"line":79,"column":4},"end":{"line":81,"column":5}},"type":"if","locations":[{"start":{"line":79,"column":4},"end":{"line":81,"column":5}},{"start":{},"end":{}}],"line":79},"11":{"loc":{"start":{"line":99,"column":2},"end":{"line":109,"column":3}},"type":"if","locations":[{"start":{"line":99,"column":2},"end":{"line":109,"column":3}},{"start":{"line":106,"column":9},"end":{"line":109,"column":3}}],"line":99},"12":{"loc":{"start":{"line":99,"column":6},"end":{"line":99,"column":58}},"type":"binary-expr","locations":[{"start":{"line":99,"column":6},"end":{"line":99,"column":30}},{"start":{"line":99,"column":34},"end":{"line":99,"column":58}}],"line":99}},"s":{"0":4,"1":10,"2":350,"3":10,"4":10,"5":4,"6":13,"7":13,"8":0,"9":0,"10":0,"11":0,"12":0,"13":0,"14":0,"15":0,"16":0,"17":4,"18":0,"19":0,"20":0,"21":0,"22":0,"23":0,"24":0,"25":0,"26":0,"27":0,"28":0,"29":0,"30":0,"31":0,"32":0,"33":0,"34":0,"35":4,"36":0,"37":0,"38":0,"39":0,"40":0,"41":0,"42":0,"43":0,"44":0,"45":0,"46":0,"47":4,"48":0,"49":0,"50":0,"51":4,"52":0,"53":0,"54":0,"55":0,"56":0},"f":{"0":10,"1":350,"2":13,"3":0,"4":0,"5":0,"6":0},"b":{"0":[13,0],"1":[0,0],"2":[0,0],"3":[0,0],"4":[0,0],"5":[0,0],"6":[0,0],"7":[0,0],"8":[0,0],"9":[0,0],"10":[0,0],"11":[0,0],"12":[0,0]},"_coverageSchema":"1a1c01bbd47fc00a2c39e90264f33305004495a9","hash":"577ee7451c4516ac31e62dc807222f42b648ad24"}
,"C:\\Users\\Orsolya\\Documents\\careerfoundry\\meet_app\\src\\mock-data.js": {"path":"C:\\Users\\Orsolya\\Documents\\careerfoundry\\meet_app\\src\\mock-data.js","statementMap":{"0":{"start":{"line":3,"column":17},"end":{"line":1439,"column":1}}},"fnMap":{},"branchMap":{},"s":{"0":4},"f":{},"b":{},"_coverageSchema":"1a1c01bbd47fc00a2c39e90264f33305004495a9","hash":"32d287939cf632f2f6a7e0bc7ed2e5ca46f4f4b0"}
,"C:\\Users\\Orsolya\\Documents\\careerfoundry\\meet_app\\src\\components\\CitySearch.js": {"path":"C:\\Users\\Orsolya\\Documents\\careerfoundry\\meet_app\\src\\components\\CitySearch.js","statementMap":{"0":{"start":{"line":3,"column":19},"end":{"line":57,"column":1}},"1":{"start":{"line":4,"column":48},"end":{"line":4,"column":63}},"2":{"start":{"line":5,"column":28},"end":{"line":5,"column":40}},"3":{"start":{"line":6,"column":40},"end":{"line":6,"column":52}},"4":{"start":{"line":8,"column":29},"end":{"line":18,"column":3}},"5":{"start":{"line":9,"column":18},"end":{"line":9,"column":36}},"6":{"start":{"line":10,"column":30},"end":{"line":14,"column":10}},"7":{"start":{"line":12,"column":10},"end":{"line":12,"column":62}},"8":{"start":{"line":16,"column":4},"end":{"line":16,"column":20}},"9":{"start":{"line":17,"column":4},"end":{"line":17,"column":38}},"10":{"start":{"line":20,"column":28},"end":{"line":25,"column":3}},"11":{"start":{"line":21,"column":18},"end":{"line":21,"column":42}},"12":{"start":{"line":22,"column":4},"end":{"line":22,"column":20}},"13":{"start":{"line":23,"column":4},"end":{"line":23,"column":30}},"14":{"start":{"line":24,"column":4},"end":{"line":24,"column":26}},"15":{"start":{"line":27,"column":2},"end":{"line":29,"column":21}},"16":{"start":{"line":28,"column":4},"end":{"line":28,"column":33}},"17":{"start":{"line":31,"column":2},"end":{"line":56,"column":4}},"18":{"start":{"line":39,"column":23},"end":{"line":39,"column":47}},"19":{"start":{"line":44,"column":12},"end":{"line":48,"column":14}}},"fnMap":{"0":{"name":"(anonymous_0)","decl":{"start":{"line":3,"column":19},"end":{"line":3,"column":20}},"loc":{"start":{"line":3,"column":57},"end":{"line":57,"column":1}},"line":3},"1":{"name":"(anonymous_1)","decl":{"start":{"line":8,"column":29},"end":{"line":8,"column":30}},"loc":{"start":{"line":8,"column":40},"end":{"line":18,"column":3}},"line":8},"2":{"name":"(anonymous_2)","decl":{"start":{"line":11,"column":28},"end":{"line":11,"column":29}},"loc":{"start":{"line":12,"column":10},"end":{"line":12,"column":62}},"line":12},"3":{"name":"(anonymous_3)","decl":{"start":{"line":20,"column":28},"end":{"line":20,"column":29}},"loc":{"start":{"line":20,"column":39},"end":{"line":25,"column":3}},"line":20},"4":{"name":"(anonymous_4)","decl":{"start":{"line":27,"column":12},"end":{"line":27,"column":13}},"loc":{"start":{"line":27,"column":18},"end":{"line":29,"column":3}},"line":27},"5":{"name":"(anonymous_5)","decl":{"start":{"line":39,"column":17},"end":{"line":39,"column":18}},"loc":{"start":{"line":39,"column":23},"end":{"line":39,"column":47}},"line":39},"6":{"name":"(anonymous_6)","decl":{"start":{"line":43,"column":27},"end":{"line":43,"column":28}},"loc":{"start":{"line":43,"column":43},"end":{"line":49,"column":11}},"line":43}},"branchMap":{"0":{"loc":{"start":{"line":10,"column":30},"end":{"line":14,"column":10}},"type":"cond-expr","locations":[{"start":{"line":11,"column":8},"end":{"line":13,"column":9}},{"start":{"line":14,"column":8},"end":{"line":14,"column":10}}],"line":10},"1":{"loc":{"start":{"line":41,"column":7},"end":{"line":54,"column":14}},"type":"cond-expr","locations":[{"start":{"line":42,"column":8},"end":{"line":53,"column":13}},{"start":{"line":54,"column":10},"end":{"line":54,"column":14}}],"line":41}},"s":{"0":3,"1":61,"2":61,"3":61,"4":61,"5":18,"6":18,"7":36,"8":18,"9":18,"10":61,"11":2,"12":2,"13":2,"14":2,"15":61,"16":18,"17":61,"18":5,"19":26},"f":{"0":61,"1":18,"2":36,"3":2,"4":18,"5":5,"6":26},"b":{"0":[18,0],"1":[24,37]},"_coverageSchema":"1a1c01bbd47fc00a2c39e90264f33305004495a9","hash":"c4be216fb1abd344d1fe5527a190c81cffc46394"}
,"C:\\Users\\Orsolya\\Documents\\careerfoundry\\meet_app\\src\\components\\Event.js": {"path":"C:\\Users\\Orsolya\\Documents\\careerfoundry\\meet_app\\src\\components\\Event.js","statementMap":{"0":{"start":{"line":3,"column":14},"end":{"line":27,"column":1}},"1":{"start":{"line":4,"column":38},"end":{"line":4,"column":53}},"2":{"start":{"line":6,"column":30},"end":{"line":8,"column":3}},"3":{"start":{"line":7,"column":4},"end":{"line":7,"column":31}},"4":{"start":{"line":10,"column":2},"end":{"line":26,"column":4}}},"fnMap":{"0":{"name":"(anonymous_0)","decl":{"start":{"line":3,"column":14},"end":{"line":3,"column":15}},"loc":{"start":{"line":3,"column":29},"end":{"line":27,"column":1}},"line":3},"1":{"name":"(anonymous_1)","decl":{"start":{"line":6,"column":30},"end":{"line":6,"column":31}},"loc":{"start":{"line":6,"column":36},"end":{"line":8,"column":3}},"line":6}},"branchMap":{"0":{"loc":{"start":{"line":16,"column":9},"end":{"line":16,"column":53}},"type":"cond-expr","locations":[{"start":{"line":16,"column":22},"end":{"line":16,"column":36}},{"start":{"line":16,"column":39},"end":{"line":16,"column":53}}],"line":16},"1":{"loc":{"start":{"line":18,"column":7},"end":{"line":24,"column":7}},"type":"binary-expr","locations":[{"start":{"line":18,"column":7},"end":{"line":18,"column":17}},{"start":{"line":19,"column":8},"end":{"line":23,"column":14}}],"line":18}},"s":{"0":4,"1":188,"2":188,"3":3,"4":188},"f":{"0":188,"1":3},"b":{"0":[2,186],"1":[188,2]},"_coverageSchema":"1a1c01bbd47fc00a2c39e90264f33305004495a9","hash":"df314f793096b6390540fded27acdaa4998ddd64"}
,"C:\\Users\\Orsolya\\Documents\\careerfoundry\\meet_app\\src\\components\\EventList.js": {"path":"C:\\Users\\Orsolya\\Documents\\careerfoundry\\meet_app\\src\\components\\EventList.js","statementMap":{"0":{"start":{"line":4,"column":18},"end":{"line":12,"column":1}},"1":{"start":{"line":5,"column":2},"end":{"line":11,"column":4}},"2":{"start":{"line":8,"column":32},"end":{"line":8,"column":70}}},"fnMap":{"0":{"name":"(anonymous_0)","decl":{"start":{"line":4,"column":18},"end":{"line":4,"column":19}},"loc":{"start":{"line":4,"column":34},"end":{"line":12,"column":1}},"line":4},"1":{"name":"(anonymous_1)","decl":{"start":{"line":8,"column":21},"end":{"line":8,"column":22}},"loc":{"start":{"line":8,"column":32},"end":{"line":8,"column":70}},"line":8}},"branchMap":{"0":{"loc":{"start":{"line":7,"column":7},"end":{"line":9,"column":14}},"type":"cond-expr","locations":[{"start":{"line":8,"column":10},"end":{"line":8,"column":71}},{"start":{"line":9,"column":10},"end":{"line":9,"column":14}}],"line":7}},"s":{"0":3,"1":14,"2":180},"f":{"0":14,"1":180},"b":{"0":[12,2]},"_coverageSchema":"1a1c01bbd47fc00a2c39e90264f33305004495a9","hash":"3784843ba269ed86d67287b2a6bc28774662ae47"}
,"C:\\Users\\Orsolya\\Documents\\careerfoundry\\meet_app\\src\\components\\NumberOfEvents.js": {"path":"C:\\Users\\Orsolya\\Documents\\careerfoundry\\meet_app\\src\\components\\NumberOfEvents.js","statementMap":{"0":{"start":{"line":3,"column":23},"end":{"line":26,"column":1}},"1":{"start":{"line":4,"column":38},"end":{"line":4,"column":50}},"2":{"start":{"line":6,"column":29},"end":{"line":13,"column":3}},"3":{"start":{"line":7,"column":16},"end":{"line":7,"column":48}},"4":{"start":{"line":8,"column":4},"end":{"line":10,"column":5}},"5":{"start":{"line":9,"column":6},"end":{"line":9,"column":16}},"6":{"start":{"line":11,"column":4},"end":{"line":11,"column":25}},"7":{"start":{"line":12,"column":4},"end":{"line":12,"column":28}},"8":{"start":{"line":15,"column":2},"end":{"line":25,"column":4}}},"fnMap":{"0":{"name":"(anonymous_0)","decl":{"start":{"line":3,"column":23},"end":{"line":3,"column":24}},"loc":{"start":{"line":3,"column":49},"end":{"line":26,"column":1}},"line":3},"1":{"name":"(anonymous_1)","decl":{"start":{"line":6,"column":29},"end":{"line":6,"column":30}},"loc":{"start":{"line":6,"column":40},"end":{"line":13,"column":3}},"line":6}},"branchMap":{"0":{"loc":{"start":{"line":8,"column":4},"end":{"line":10,"column":5}},"type":"if","locations":[{"start":{"line":8,"column":4},"end":{"line":10,"column":5}},{"start":{},"end":{}}],"line":8},"1":{"loc":{"start":{"line":8,"column":8},"end":{"line":8,"column":33}},"type":"binary-expr","locations":[{"start":{"line":8,"column":8},"end":{"line":8,"column":20}},{"start":{"line":8,"column":24},"end":{"line":8,"column":33}}],"line":8}},"s":{"0":4,"1":22,"2":22,"3":6,"4":6,"5":3,"6":6,"7":6,"8":22},"f":{"0":22,"1":6},"b":{"0":[3,3],"1":[6,3]},"_coverageSchema":"1a1c01bbd47fc00a2c39e90264f33305004495a9","hash":"cfbdf57e3a9fb1bc1b501582cc984ced5c3a9c7d"}
}
