TN:
SF:src\App.js
FN:7,App
FN:11,(anonymous_1)
FNF:2
FNH:1
FNDA:3,App
FNDA:0,(anonymous_1)
DA:8,3
DA:9,3
DA:11,3
DA:12,0
DA:16,3
LF:5
LH:4
BRF:0
BRH:0
end_of_record
TN:
SF:src\api.js
FN:11,(anonymous_0)
FN:12,(anonymous_1)
FN:21,(anonymous_2)
FNF:3
FNH:3
FNDA:2,(anonymous_0)
FNDA:70,(anonymous_1)
FNDA:4,(anonymous_2)
DA:11,3
DA:12,70
DA:13,2
DA:14,2
DA:21,3
DA:22,4
LF:6
LH:6
BRF:0
BRH:0
end_of_record
TN:
SF:src\mock-data.js
FNF:0
FNH:0
DA:3,3
LF:1
LH:1
BRF:0
BRH:0
end_of_record
TN:
SF:src\components\CitySearch.js
FN:3,(anonymous_0)
FN:8,(anonymous_1)
FN:11,(anonymous_2)
FN:20,(anonymous_3)
FN:34,(anonymous_4)
FN:38,(anonymous_5)
FNF:6
FNH:6
FNDA:26,(anonymous_0)
FNDA:12,(anonymous_1)
FNDA:24,(anonymous_2)
FNDA:1,(anonymous_3)
FNDA:3,(anonymous_4)
FNDA:12,(anonymous_5)
DA:3,2
DA:4,26
DA:5,26
DA:6,26
DA:8,26
DA:9,12
DA:10,12
DA:12,24
DA:16,12
DA:17,12
DA:20,26
DA:21,1
DA:22,1
DA:23,1
DA:26,26
DA:34,3
DA:39,12
LF:17
LH:17
BRDA:10,0,0,12
BRDA:10,0,1,0
BRDA:36,1,0,15
BRDA:36,1,1,11
BRF:4
BRH:3
end_of_record
TN:
SF:src\components\Event.js
FN:3,(anonymous_0)
FN:6,(anonymous_1)
FNF:2
FNH:2
FNDA:43,(anonymous_0)
FNDA:3,(anonymous_1)
DA:3,3
DA:4,43
DA:6,43
DA:7,3
DA:10,43
LF:5
LH:5
BRDA:16,0,0,2
BRDA:16,0,1,41
BRDA:18,1,0,43
BRDA:18,1,1,2
BRF:4
BRH:4
end_of_record
TN:
SF:src\components\EventList.js
FN:4,(anonymous_0)
FN:8,(anonymous_1)
FNF:2
FNH:2
FNDA:6,(anonymous_0)
FNDA:35,(anonymous_1)
DA:4,2
DA:5,6
DA:8,35
LF:3
LH:3
BRDA:7,0,0,4
BRDA:7,0,1,2
BRF:2
BRH:2
end_of_record
TN:
SF:src\components\NumberOfEvents.js
FN:3,(anonymous_0)
FN:6,(anonymous_1)
FNF:2
FNH:2
FNDA:10,(anonymous_0)
FNDA:4,(anonymous_1)
DA:3,2
DA:4,10
DA:6,10
DA:7,4
DA:8,4
DA:9,4
DA:12,10
LF:7
LH:7
BRF:0
BRH:0
end_of_record
