TN:
SF:src\App.js
FN:8,(anonymous_0)
FN:14,(anonymous_1)
FN:18,(anonymous_2)
FN:23,(anonymous_3)
FNF:4
FNH:4
FNDA:12,(anonymous_0)
FNDA:7,(anonymous_1)
FNDA:7,(anonymous_2)
FNDA:35,(anonymous_3)
DA:8,3
DA:9,12
DA:10,11
DA:11,11
DA:12,11
DA:14,11
DA:15,7
DA:18,11
DA:19,7
DA:21,7
DA:23,35
DA:24,7
DA:25,7
DA:28,11
LF:14
LH:14
BRDA:21,0,0,6
BRDA:21,0,1,1
BRF:2
BRH:2
end_of_record
TN:
SF:src\api.js
FN:11,(anonymous_0)
FN:12,(anonymous_1)
FN:21,(anonymous_2)
FNF:3
FNH:3
FNDA:10,(anonymous_0)
FNDA:350,(anonymous_1)
FNDA:13,(anonymous_2)
DA:11,4
DA:12,350
DA:13,10
DA:14,10
DA:21,4
DA:22,13
LF:6
LH:6
BRF:0
BRH:0
end_of_record
TN:
SF:src\mock-data.js
FNF:0
FNH:0
DA:3,4
LF:1
LH:1
BRF:0
BRH:0
end_of_record
TN:
SF:src\components\CitySearch.js
FN:3,(anonymous_0)
FN:8,(anonymous_1)
FN:11,(anonymous_2)
FN:20,(anonymous_3)
FN:27,(anonymous_4)
FN:39,(anonymous_5)
FN:43,(anonymous_6)
FNF:7
FNH:7
FNDA:61,(anonymous_0)
FNDA:18,(anonymous_1)
FNDA:36,(anonymous_2)
FNDA:2,(anonymous_3)
FNDA:18,(anonymous_4)
FNDA:5,(anonymous_5)
FNDA:26,(anonymous_6)
DA:3,3
DA:4,61
DA:5,61
DA:6,61
DA:8,61
DA:9,18
DA:10,18
DA:12,36
DA:16,18
DA:17,18
DA:20,61
DA:21,2
DA:22,2
DA:23,2
DA:24,2
DA:27,61
DA:28,18
DA:31,61
DA:39,5
DA:44,26
LF:20
LH:20
BRDA:10,0,0,18
BRDA:10,0,1,0
BRDA:41,1,0,24
BRDA:41,1,1,37
BRF:4
BRH:3
end_of_record
TN:
SF:src\components\Event.js
FN:3,(anonymous_0)
FN:6,(anonymous_1)
FNF:2
FNH:2
FNDA:188,(anonymous_0)
FNDA:3,(anonymous_1)
DA:3,4
DA:4,188
DA:6,188
DA:7,3
DA:10,188
LF:5
LH:5
BRDA:16,0,0,2
BRDA:16,0,1,186
BRDA:18,1,0,188
BRDA:18,1,1,2
BRF:4
BRH:4
end_of_record
TN:
SF:src\components\EventList.js
FN:4,(anonymous_0)
FN:8,(anonymous_1)
FNF:2
FNH:2
FNDA:14,(anonymous_0)
FNDA:180,(anonymous_1)
DA:4,3
DA:5,14
DA:8,180
LF:3
LH:3
BRDA:7,0,0,12
BRDA:7,0,1,2
BRF:2
BRH:2
end_of_record
TN:
SF:src\components\NumberOfEvents.js
FN:3,(anonymous_0)
FN:6,(anonymous_1)
FNF:2
FNH:2
FNDA:18,(anonymous_0)
FNDA:4,(anonymous_1)
DA:3,4
DA:4,18
DA:6,18
DA:7,4
DA:8,4
DA:9,4
DA:12,18
LF:7
LH:7
BRF:0
BRH:0
end_of_record
